Status UnspecifiedStatus UnspecifiedStatus UnspecifiedStatus UnspecifiedStatus UnspecifiedStatus UnspecifiedStatus UnspecifiedStatus UnspecifiedStatus UnspecifiedStatus UnspecifiedStatus UnspecifiedStatus Unspecifiedsasafesafsafesafsafesafesafessafesafessafesasafesasafesafsafesasafesasafessafesafesafesasafesa
safesafesafesafesafsafesafsafesa
sa
safsafessafesafesafesasafesafesafesasafessafesafessafesasafesasafesafsafesafsafesafesafesasafessafsafessafes
safesafesasafesafsafessafesafsafessafesasafesasafesa
safesafessafesafsafesasafessafsafesafesafesafesafesafsafesafesafessafesasafesafesafesafesafesasafesafsafesafsafes
safesafesasafesafsafessafesafesafesasafesafesafessafes
safsafesasafesafsafesasafesafsafesasafesafsafessafesssafsafesafsafesafsafesafesafesafsafesafesafesa
safsafesafesafes
sasafessafesasafesafesafes
sasafesafesafes
safesafesafsafesafsafessafessa
safsafesasafesafsafesafesafesafsafessafes
safesafesafsafesafesafesafsafesasafessafesafesafessafes
safsafessafesafesafesasafesafsafesafesafes
safsafesafesafesafesafesasafesafesafesafesafesafsafesafesafes
safsafesafsafesafesafesasafesafesafesafesafessssssafesafesafsafes
safsafessafesafesafessafesasafesasafesa
safesafesasafesafesafesafsafesa
s
sfeALALERT