Nothing is happening.HePi
HHello Pi
HHello Pi
HHello Pi
HHello Pi
HelHello Pi
HeHello Pi
HellHello Pi
HeHello Pi
HellHello Pi
HHello Pi
HHello Pi
HHello Pi
HHello Pi
HHello Pi
HHello Pi
HHello Pi
HHello Pi
HellHello Pi
HellHello Pi
unknownunknownunknownunknownunknownunknownunknown: No Media Connectedunknown: No Media Connectedunknown: No Media Connectedunknown: No Media Connectedunknown: No Media Connectedunknown: No Media Connectedunknown: No Media Connectedunknown: No Media Connectedunknown: No Media Connectedunknown: No Media Connectedunknown: No Media Connectedunknown: No Media Connectedunknown: No Media Connectedunknown: No Media Connectedsafe
safsafe
sALERT
sALERT
ssafe
sRT
sasafe
Asafe
sALERT
ALERALERT
safesafe
b'ALALERT\r\n'b'safsafe\r\n'b'safsafe\r\n'b'safALERT\r\n'b'safsafe\r\n'unknown: No Media Connectedssafe
ssafe
safeLERT
safesafe
safeALERT
b'ALER\n'b'safALERT\r\n'b'saALERT\r\n'b'safALERT\r\n'b'safeALERT\r\n'b'safALERT\r\n'b'safsafe\r\n'b'ALEsafe\r\n'<br>b'ALERsafe\r\n' - 2014-12-13 22:08:46.053455<br><br>b'safsafe\r\n' - 2014-12-13 22:08:51.254548<br><br>b'safsafe\r\n' - 2014-12-13 22:08:54.857289<br><br>b'safALERT\r\n' - 2014-12-13 22:08:58.477601<br><br>ALEsafe
 - 2014-12-13 22:09:33.060512<br><br>sasafe
 - 2014-12-13 22:09:36.702806<br><br>safesafe
 - 2014-12-13 22:09:40.343592<br><br>ssafe
 - 2014-12-13 22:09:43.954516<br><br>sALERT
 - 2014-12-13 22:09:47.579438<br><br>safesafe
 - 2014-12-13 22:09:51.205532<br><br>safsafe
 - 2014-12-13 22:09:54.829180<br><br>safALERT
 - 2014-12-13 22:09:58.457327<br><br>saALERT
 - 2014-12-13 22:10:02.079143<br><br>safALERT
 - 2014-12-13 22:10:05.699235<br><br>safALERT
 - 2014-12-13 22:10:09.330486<br><br>safsafe
 - 2014-12-13 22:10:12.952181<br><br>safsafe
 - 2014-12-13 22:10:16.579536<br><br>ALsafe
 - 2014-12-13 22:10:20.206167<br><br>ssafe
 - 2014-12-13 22:10:23.830297<br><br>ssafe
 - 2014-12-13 22:10:27.465790<br><br>ssafe
 - 2014-12-13 22:10:31.081690<br><br>sALERT
 - 2014-12-13 22:10:34.685832<br><br>safesafe
 - 2014-12-13 22:10:38.316987<br><br>safeALERT
 - 2014-12-13 22:10:41.935970<br><br>sasafe
 - 2014-12-13 22:10:45.563957<br><br>ssafe
 - 2014-12-13 22:10:49.187038<br><br>safesafe
 - 2014-12-13 22:10:52.814393<br><br>safesafe
 - 2014-12-13 22:10:56.437047<br><br>safeALERT
 - 2014-12-13 22:11:00.061222<br><br>ALERsafe
 - 2014-12-13 22:11:03.686920<br><br>safALERT
 - 2014-12-13 22:11:07.317997<br><br>ALEsafe
 - 2014-12-13 22:11:10.937100<br><br>ALERsafe
 - 2014-12-13 22:11:14.563387<br><br>safALERT
 - 2014-12-13 22:11:18.181677<br><br>ALEsafe
 - 2014-12-13 22:11:21.815888<br><br>safsafe
 - 2014-12-13 22:11:25.435393<br><br>safALERT
 - 2014-12-13 22:11:29.061535<br><br>safsafe
 - 2014-12-13 22:11:32.685460<br><br>safALERT
 - 2014-12-13 22:11:36.314124<br><br>safsafe
 - 2014-12-13 22:11:39.930270<br><br>ALEsafe
 - 2014-12-13 22:11:43.556635<br><br>ALALERT
 - 2014-12-13 22:11:47.181344<br><br>ALEsafe
 - 2014-12-13 22:11:50.814221<br><br>safeALERT
 - 2014-12-13 22:11:54.437306<br><br>safesafe
 - 2014-12-13 22:11:58.060720<br><br>saALERT
 - 2014-12-13 22:12:01.663439<br><br>Asafe
 - 2014-12-13 22:12:05.302711<br><br>Asafe
 - 2014-12-13 22:12:08.918063<br><br>safesafe
 - 2014-12-13 22:12:12.540550<br><br>safsafe
 - 2014-12-13 22:12:16.161583<br><br>ALEsafe
 - 2014-12-13 22:12:19.789772<br><br>safsafe
 - 2014-12-13 22:12:23.409095<br><br>safALERT
 - 2014-12-13 22:12:27.038881<br><br>ssafe
 - 2014-12-13 22:12:30.654614<br><br>safesafe
 - 2014-12-13 22:12:34.267677<br><br>ALEsafe
 - 2014-12-13 22:12:37.900516<br><br>ALERsafe
 - 2014-12-13 22:12:41.522775<br><br>safALERT
 - 2014-12-13 22:12:45.150619<br><br>ALEsafe
 - 2014-12-13 22:12:48.771688<br><br>safsafe
 - 2014-12-13 22:12:52.396774<br><br>ALEALERT
 - 2014-12-13 22:12:56.023025<br><br>safsafe
 - 2014-12-13 22:12:59.644672<br><br>ALEsafe
 - 2014-12-13 22:13:03.265361<br><br>safesafe
 - 2014-12-13 22:13:06.900753<br><br>safesafe
 - 2014-12-13 22:13:10.522955<br><br>safesafe
 - 2014-12-13 22:13:14.144675<br><br>sALERT
 - 2014-12-13 22:15:16.851525<br><br>safsafe
 - 2014-12-13 22:15:22.059111<br><br>ALEALERT
 - 2014-12-13 22:15:25.684992<br><br>safesafe
 - 2014-12-13 22:15:29.310966<br><br>ssafe
 - 2014-12-13 22:15:32.908754<br><br>safesafe
 - 2014-12-13 22:15:36.503458<br><br>ALERALERT
 - 2014-12-13 22:15:40.138186<br><br>sasafe
 - 2014-12-13 22:15:43.760584<br><br>ALEALERT
 - 2014-12-13 22:15:47.390772<br><br>ALERALERT
 - 2014-12-13 22:15:51.020514<br><br>ssafe
 - 2014-12-13 22:15:54.640426<br><br>safRT
 - 2014-12-13 22:19:26.819351<br><br>safsafe
 - 2014-12-13 22:19:30.458315<br><br>ALEALERT
 - 2014-12-13 22:19:34.090183<br><br>ALEALERT
 - 2014-12-13 22:19:37.733189<br><br>safesafe
 - 2014-12-13 22:19:41.339274<br><br>ssafe
 - 2014-12-13 22:19:44.969477<br><br>safeALERT
 - 2014-12-13 22:19:48.595306<br><br>ALERALERT
 - 2014-12-13 22:19:52.222901<br><br>sasafe
 - 2014-12-13 22:19:55.844857<br><br>safeALERT
 - 2014-12-13 22:19:59.473476<br><br>ALERALERT
 - 2014-12-13 22:20:03.097671<br><br>ALEALERT
 - 2014-12-13 22:20:06.705400<br><br>ALERALERT
 - 2014-12-13 22:20:10.328245<br><br>sasafe
 - 2014-12-13 22:20:13.947695<br><br>ALERALERT
 - 2014-12-13 22:20:17.578950<br><br>sasafe
 - 2014-12-13 22:20:21.205830<br><br>ssafe
 - 2014-12-13 22:20:24.830017<br><br>safsafe
 - 2014-12-13 22:20:28.444362<br><br>ALEALERT
 - 2014-12-13 22:20:32.061043<br><br>safsafe
 - 2014-12-13 22:20:35.683183<br><br>ALEALERT
 - 2014-12-13 22:20:39.302747<br><br>ALEsafe
 - 2014-12-13 22:20:42.929543<br><br>ssafe
 - 2014-12-13 22:20:46.560528<br><br>AALERT
 - 2014-12-13 22:20:50.192222<br><br>ssafe
 - 2014-12-13 22:20:53.828735<br><br>ALERALERT
 - 2014-12-13 22:20:57.433965<br><br>ALEsafe
 - 2014-12-13 22:21:01.058488<br><br>safesafe
 - 2014-12-13 22:21:04.688673<br><br>ALALERT
 - 2014-12-13 22:21:08.318509<br><br>AALERT
 - 2014-12-13 22:21:11.940329<br><br>safsafe
 - 2014-12-13 22:21:15.562606<br><br>ALERALERT
 - 2014-12-13 22:21:19.191393<br><br>safsafe
 - 2014-12-13 22:21:22.811760<br><br>ALEALERT
 - 2014-12-13 22:21:26.437927<br><br>safsafe
 - 2014-12-13 22:21:30.041695<br><br>ALALERT
 - 2014-12-13 22:21:33.669647<br><br>safesafe
 - 2014-12-13 22:21:37.292819<br><br>ALERALERT
 - 2014-12-13 22:21:40.923093<br><br>ALERALERT
 - 2014-12-13 22:21:44.522711<br><br>sasafe
 - 2014-12-13 22:21:48.151298<br><br>ALERALERT
 - 2014-12-13 22:21:51.779731<br><br>sasafe
 - 2014-12-13 22:21:55.420893<br><br>ALERALERT
 - 2014-12-13 22:21:59.044714<br><br>ALEALERT
 - 2014-12-13 22:22:02.683891<br><br>safesafe
 - 2014-12-13 22:22:06.298448<br><br>safsafe
 - 2014-12-13 22:22:09.921920<br><br>ALEALERT
 - 2014-12-13 22:22:13.559565<br><br>safesafe
 - 2014-12-13 22:22:17.181075<br><br>safsafe
 - 2014-12-13 22:22:20.798543<br><br>ALEALERT
 - 2014-12-13 22:22:24.433952<br><br>safesafe
 - 2014-12-13 22:22:28.048323<br><br>sasafe
 - 2014-12-13 22:22:31.652333<br><br>ALERALERT
 - 2014-12-13 22:22:35.279154<br><br>ALALERT
 - 2014-12-13 22:22:38.909235<br><br>ssafe
 - 2014-12-13 22:22:42.531821<br><br>sALERT
 - 2014-12-13 22:22:46.156502<br><br>ALEsafe
 - 2014-12-13 22:22:49.777263<br><br>ALERsafe
 - 2014-12-13 22:22:53.418495<br><br>safsafe
 - 2014-12-13 22:22:57.021375<br><br>ALEALERT
 - 2014-12-13 22:23:00.647861<br><br>safesafe
 - 2014-12-13 22:23:04.277560<br><br>safALERT
 - 2014-12-13 22:23:07.912357<br><br>ALALERT
 - 2014-12-13 22:23:11.527021<br><br>safesafe
 - 2014-12-13 22:23:15.155013<br><br>ALALERT
 - 2014-12-13 22:23:18.758479<br><br>safesafe
 - 2014-12-13 22:23:22.362982<br><br>ALEALERT
 - 2014-12-13 22:23:25.988547<br><br>ssafe
 - 2014-12-13 22:23:29.625272<br><br>safeALERT
 - 2014-12-13 22:23:33.243333<br><br>ALERALERT
 - 2014-12-13 22:23:36.857712<br><br>safafe
 - 2014-12-13 22:23:40.635542<br><br>sasafe
 - 2014-12-13 22:23:44.242261<br><br>AALERT
 - 2014-12-13 22:23:47.870368<br><br>safesafe
 - 2014-12-13 22:23:51.489157<br><br>saALERT
 - 2014-12-13 22:23:55.112463<br><br>ALEsafe
 - 2014-12-13 22:23:58.745542<br><br>safsafe
 - 2014-12-13 22:24:02.367982<br><br>ALERALERT
 - 2014-12-13 22:24:05.988616<br><br>safsafe
 - 2014-12-13 22:24:09.614904<br><br>ALALERT
 - 2014-12-13 22:24:13.240830<br><br>ssafe
 - 2014-12-13 22:24:16.871168<br><br>safesafe
 - 2014-12-13 22:24:20.487363<br><br>ALERALERT
 - 2014-12-13 22:24:24.115847<br><br>sasafe
 - 2014-12-13 22:24:27.751766<br><br>ALEALERT
 - 2014-12-13 22:24:31.369578<br><br>safsafe
 - 2014-12-13 22:24:34.987339<br><br>ALEALERT
 - 2014-12-13 22:24:38.612562<br><br>safsafe
 - 2014-12-13 22:24:42.238319<br><br>ALEALERT
 - 2014-12-13 22:24:45.869922<br><br>ALEALERT
 - 2014-12-13 22:24:49.487714<br><br>safesafe
 - 2014-12-13 22:24:53.114846<br><br>ALERALERT
 - 2014-12-13 22:24:56.741177<br><br>safsafe
 - 2014-12-13 22:25:00.371525<br><br>ALEALERT
 - 2014-12-13 22:25:03.990176<br><br>ALEsafe
 - 2014-12-13 22:25:07.620010<br><br>safesafe
 - 2014-12-13 22:25:11.245690<br><br>ALERALERT
 - 2014-12-13 22:25:14.867825<br><br>AALERT
 - 2014-12-13 22:25:18.497256<br><br>safesafe
 - 2014-12-13 22:25:22.123550<br><br>ALEALERT
 - 2014-12-13 22:25:25.763105<br><br>safsafe
 - 2014-12-13 22:25:29.382037<br><br>sasafe
 - 2014-12-13 22:25:32.999923<br><br>ALERALERT
 - 2014-12-13 22:25:36.630478<br><br>ALsafe
 - 2014-12-13 22:25:40.260564<br><br>safesafe
 - 2014-12-13 22:25:43.885265<br><br>safesafe
 - 2014-12-13 22:25:47.497173<br><br>safeunknown
 - 2014-12-13 22:34:02.436863<br><br>nknonown
 - 2014-12-13 22:34:06.087627<br><br>nownown
 - 2014-12-13 22:34:09.712508<br><br>safesafe
 - 2014-12-13 22:34:13.330895<br><br>safALERT
 - 2014-12-13 22:34:16.955586<br><br>nownnown
 - 2014-12-13 22:34:20.593174<br><br>nknonown
 - 2014-12-13 22:34:24.219812<br><br>sasafe
 - 2014-12-13 22:34:27.848372<br><br>nknonown
 - 2014-12-13 22:34:31.470781<br><br>nownnown
 - 2014-12-13 22:34:35.102175<br><br>safsafe
 - 2014-12-13 22:34:38.730607<br><br>unknnown
 - 2014-12-13 22:34:42.345956<br><br>unknsafe
 - 2014-12-13 22:34:45.969850<br><br>safsafe
 - 2014-12-13 22:34:49.590487<br><br>unknnown
 - 2014-12-13 22:34:53.221870<br><br>safsafe
 - 2014-12-13 22:34:56.844948<br><br>unknnown
 - 2014-12-13 22:35:00.474194<br><br>nownsafe
 - 2014-12-13 22:35:04.098394<br><br>safesafe
 - 2014-12-13 22:35:07.723359<br><br>nownnown
 - 2014-12-13 22:35:11.353413<br><br>unknnown
 - 2014-12-13 22:35:14.974410<br><br>sasafe
 - 2014-12-13 22:35:18.600518<br><br>nownnown
 - 2014-12-13 22:35:22.241356<br><br>unknnown
 - 2014-12-13 22:35:25.855629<br><br>safsafe
 - 2014-12-13 22:35:29.496403<br><br>nownnown
 - 2014-12-13 22:35:33.112528<br><br>safesafe
 - 2014-12-13 22:35:36.728855<br><br>ALEwn
 - 2014-12-13 22:35:40.356406<br><br>nownnown
 - 2014-12-13 22:35:43.988480<br><br>nknonown
 - 2014-12-13 22:35:47.622048<br><br>nownown
 - 2014-12-13 22:35:51.249159<br><br>ssafe
 - 2014-12-13 22:35:54.869928<br><br>sasafe
 - 2014-12-13 22:40:43.138543<br><br>unknnown
 - 2014-12-13 22:40:48.365699<br><br>safsafe
 - 2014-12-13 22:40:51.984302<br><br>unknnown
 - 2014-12-13 22:40:55.611577<br><br>safsafe
 - 2014-12-13 22:40:59.241503<br><br>nownnown
 - 2014-12-13 22:41:02.862843<br><br>unknnown
 - 2014-12-13 22:41:06.490349<br><br>safsafe
 - 2014-12-13 22:41:10.111602<br><br>unknnown
 - 2014-12-13 22:41:13.741998<br><br>nownnown
 - 2014-12-13 22:41:17.357322<br><br>safesafe
 - 2014-12-13 22:41:21.001752<br><br>ALown
 - 2014-12-13 22:41:24.625321<br><br>nknonown
 - 2014-12-13 22:41:28.242432<br><br>unknnown
 - 2014-12-13 22:41:31.856658<br><br>safsafe
 - 2014-12-13 22:41:35.465331<br><br>sasafe
 - 2014-12-13 22:41:39.077180<br><br>nknonown
 - 2014-12-13 22:41:42.696619<br><br>nownnown
 - 2014-12-13 22:41:46.320784<br><br>ssafe
 - 2014-12-13 22:41:49.952553<br><br>nknonown
 - 2014-12-13 22:41:53.581210<br><br>safesafe
 - 2014-12-13 22:41:57.198359<br><br>nownnown
 - 2014-12-13 22:42:00.830926<br><br>nownnown
 - 2014-12-13 22:42:04.461580<br><br>safesafe
 - 2014-12-13 22:42:08.088519<br><br>unknnown
 - 2014-12-13 22:42:11.701766<br><br>saALERT
 - 2014-12-13 22:42:15.312057<br><br>nownnown
 - 2014-12-13 22:42:18.933981<br><br>safesafe
 - 2014-12-13 22:42:22.561935<br><br>ALown
 - 2014-12-13 22:42:26.168411<br><br>nknonown
 - 2014-12-13 22:42:29.795925<br><br>Anown
 - 2014-12-13 22:42:33.415926<br><br>ssafe
 - 2014-12-13 22:42:37.025003<br><br>nknonown
 - 2014-12-13 22:42:40.648567<br><br>sasafe
 - 2014-12-13 22:42:44.262278<br><br>nknonown
 - 2014-12-13 22:42:47.881867<br><br>knownown
 - 2014-12-13 22:42:51.488756<br><br>nknnown
 - 2014-12-13 22:42:55.118018<br><br>nownnown
 - 2014-12-13 22:42:58.725355<br><br>safesafe
 - 2014-12-13 22:43:02.353801<br><br>ALERn
 - 2014-12-13 22:43:05.952592<br><br>nknosafe
 - 2014-12-13 22:43:09.578542<br><br>safsafe
 - 2014-12-13 22:43:13.207903<br><br>unknnown
 - 2014-12-13 22:43:16.828746<br><br>safsafe
 - 2014-12-13 22:43:20.454140<br><br>unknnown
 - 2014-12-13 22:43:24.090189<br><br>safsafe
 - 2014-12-13 22:43:27.707769<br><br>nownnown
 - 2014-12-13 22:43:31.332175<br><br>unknown
 - 2014-12-13 22:43:34.960576<br><br>safsafe
 - 2014-12-13 22:43:38.579476<br><br>safsafe
 - 2014-12-13 22:43:42.187577<br><br>nownnown
 - 2014-12-13 22:43:45.814186<br><br>nknonown
 - 2014-12-13 22:43:49.433556<br><br>safsafe
 - 2014-12-13 22:43:53.060565<br><br>nknonown
 - 2014-12-13 22:43:56.698704<br><br>knownown
 - 2014-12-13 22:44:00.307037<br><br>safesafe
 - 2014-12-13 22:44:03.930281<br><br>nknonown
 - 2014-12-13 22:44:07.543785<br><br>knownown
 - 2014-12-13 22:44:11.153257<br><br>safesafe
 - 2014-12-13 22:44:14.778883<br><br>unknnown
 - 2014-12-13 22:44:18.378801<br><br>nownsafe
 - 2014-12-13 22:44:22.009034<br><br>safesafe
 - 2014-12-13 22:44:25.637717<br><br>nownnown
 - 2014-12-13 22:44:29.268253<br><br>unknnown
 - 2014-12-13 22:44:32.896377<br><br>sasafe
 - 2014-12-13 22:44:36.515823<br><br>nknonown
 - 2014-12-13 22:44:40.144345<br><br>safsafe
 - 2014-12-13 22:44:43.751625<br><br>unknnown
 - 2014-12-13 22:44:47.368240<br><br>nownnown
 - 2014-12-13 22:44:50.994626<br><br>safsafe
 - 2014-12-13 22:44:54.628261<br><br>unknnown
 - 2014-12-13 22:44:58.247779<br><br>nownnown
 - 2014-12-13 22:45:01.881107<br><br>safsafe
 - 2014-12-13 22:45:05.502144<br><br>unknnown
 - 2014-12-13 22:45:09.135456<br><br>sasafe
 - 2014-12-13 22:45:12.752813<br><br>unknnown
 - 2014-12-13 22:45:16.379597<br><br>nownnown
 - 2014-12-13 22:45:20.012951<br><br>safesafe
 - 2014-12-13 22:45:23.635203<br><br>ALown
 - 2014-12-13 22:45:27.261035<br><br>knonown
 - 2014-12-13 22:45:30.884673<br><br>safesafe
 - 2014-12-13 22:45:34.509598<br><br>nknonown
 - 2014-12-13 22:45:38.123324<br><br>sasafe
 - 2014-12-13 22:45:41.739509<br><br>unknnown
 - 2014-12-13 22:45:45.371380<br><br>nownnown
 - 2014-12-13 22:45:48.992867<br><br>safesafe
 - 2014-12-13 22:45:52.623844<br><br>saALERT
 - 2014-12-13 22:45:56.226300<br><br>unknnown
 - 2014-12-13 22:45:59.850885<br><br>safsafe
 - 2014-12-13 22:46:03.473526<br><br>sasafe
 - 2014-12-13 22:46:07.080099<br><br>safeALERT
 - 2014-12-13 22:46:10.712578<br><br>knownown
 - 2014-12-13 22:46:14.334429<br><br>safesafe
 - 2014-12-13 22:46:17.959141<br><br>ALERn
 - 2014-12-13 22:46:21.583293<br><br>nownnown
 - 2014-12-13 22:46:25.215678<br><br>safesafe
 - 2014-12-13 22:46:28.845385<br><br>ALERn
 - 2014-12-13 22:46:32.458058<br><br>knownown
 - 2014-12-13 22:46:36.092144<br><br>safesafe
 - 2014-12-13 22:46:39.728826<br><br>sasafe
 - 2014-12-13 22:46:43.359233<br><br>nownnown
 - 2014-12-13 22:46:46.971332<br><br>nknonown
 - 2014-12-13 22:46:50.602016<br><br>unknnown
 - 2014-12-13 22:46:54.208942<br><br>knownown
 - 2014-12-13 22:46:57.847175<br><br>nknnown
 - 2014-12-13 22:47:01.475035<br><br>safesafe
 - 2014-12-13 22:47:05.081672<br><br>unknnown
 - 2014-12-13 22:47:08.702326<br><br>nownnown
 - 2014-12-13 22:47:12.340794<br><br>safesafe
 - 2014-12-13 22:47:15.955499<br><br>knownown
 - 2014-12-13 22:47:19.563565<br><br>safesafe
 - 2014-12-13 22:47:23.183887<br><br>nknonown
 - 2014-12-13 22:47:26.809548<br><br>unknown
 - 2014-12-13 22:47:30.438622<br><br>safsafe
 - 2014-12-13 22:47:34.061441<br><br>nownown
 - 2014-12-13 22:47:37.671528<br><br>ssafe
 - 2014-12-13 22:47:41.298324<br><br>nknonown
 - 2014-12-13 22:47:44.925119<br><br>knownown
 - 2014-12-13 22:47:48.533798<br><br>safesafe
 - 2014-12-13 22:47:52.170593<br><br>knownown
 - 2014-12-13 22:47:55.779055<br><br>safesafe
 - 2014-12-13 22:47:59.404639<br><br>nknonown
 - 2014-12-13 22:48:03.010766<br><br>sasafe
 - 2014-12-13 22:48:06.618345<br><br>nownnown
 - 2014-12-13 22:48:10.240355<br><br>unknnown
 - 2014-12-13 22:48:13.859320<br><br>nownnown
 - 2014-12-13 22:48:17.499778<br><br>safsafe
 - 2014-12-13 22:48:21.123639<br><br>safsafe
 - 2014-12-13 22:48:24.752526<br><br>nownnown
 - 2014-12-13 22:48:28.389002<br><br>nknonown
 - 2014-12-13 22:48:32.006788<br><br>safesafe
 - 2014-12-13 22:48:35.609034<br><br>nknonown
 - 2014-12-13 22:48:39.235977<br><br>safesafe
 - 2014-12-13 22:48:42.844608<br><br>unknnown
 - 2014-12-13 22:48:46.448888<br><br>nownsafe
 - 2014-12-13 22:48:50.078450<br><br>ssafe
 - 2014-12-13 22:48:53.705652<br><br>knownown
 - 2014-12-13 22:48:57.310635<br><br>safsafe
 - 2014-12-13 22:49:00.935375<br><br>unknnown
 - 2014-12-13 22:49:04.555681<br><br>unknnown
 - 2014-12-13 22:49:08.174503<br><br>unknnown
 - 2014-12-13 22:49:11.802153<br><br>sasafe
 - 2014-12-13 22:49:15.434506<br><br>nknonown
 - 2014-12-13 22:49:19.049219<br><br>unknnown
 - 2014-12-13 22:49:22.678939<br><br>safsafe
 - 2014-12-13 22:49:26.298690<br><br>unknnown
 - 2014-12-13 22:49:29.919435<br><br>nownnown
 - 2014-12-13 22:49:33.552414<br><br>ssafe
 - 2014-12-13 22:49:37.185290<br><br>knownown
 - 2014-12-13 22:49:40.813768<br><br>unknnown
 - 2014-12-13 22:49:44.437843<br><br>sasafe
 - 2014-12-13 22:49:48.048712<br><br>nownnown
 - 2014-12-13 22:49:51.680778<br><br>unknnown
 - 2014-12-13 22:49:55.314867<br><br>safsafe
 - 2014-12-13 22:49:58.944131<br><br>nownnown
 - 2014-12-13 22:50:02.560625<br><br>unknnown
 - 2014-12-13 22:50:06.185369<br><br>safsafe
 - 2014-12-13 22:50:09.810574<br><br>nownnown
 - 2014-12-13 22:50:13.437480<br><br>unknnown
 - 2014-12-13 22:50:17.063229<br><br>sasafe
 - 2014-12-13 22:50:20.695064<br><br>nownnown
 - 2014-12-13 22:50:24.332498<br><br>safesafe
 - 2014-12-13 22:50:27.944283<br><br>sasafe
 - 2014-12-13 22:50:31.575692<br><br>nownnown
 - 2014-12-13 22:50:35.187757<br><br>nownnown
 - 2014-12-13 22:50:38.808339<br><br>safesafe
 - 2014-12-13 22:50:42.443035<br><br>safALERT
 - 2014-12-13 22:50:46.052661<br><br>nownnown
 - 2014-12-13 22:50:49.695657<br><br>safesafe
 - 2014-12-13 22:50:53.333544<br><br>nknonown
 - 2014-12-13 22:50:56.939638<br><br>safsafe
 - 2014-12-13 22:51:00.553023<br><br>unknnown
 - 2014-12-13 22:51:04.172870<br><br>safsafe
 - 2014-12-13 22:51:07.792281<br><br>unknnown
 - 2014-12-13 22:51:11.428059<br><br>safsafe
 - 2014-12-13 22:51:15.041764<br><br>unknnown
 - 2014-12-13 22:51:18.671897<br><br>safsafe
 - 2014-12-13 22:51:22.293186<br><br>nownnown
 - 2014-12-13 22:51:25.900933<br><br>safsafe
 - 2014-12-13 22:51:29.524008<br><br>nknonown
 - 2014-12-13 22:51:33.151850<br><br>nknnown
 - 2014-12-13 22:51:36.759372<br><br>safsafe
 - 2014-12-13 22:51:40.386472<br><br>nownnown
 - 2014-12-13 22:51:44.014364<br><br>nknonown
 - 2014-12-13 22:51:47.639413<br><br>nknonown
 - 2014-12-13 22:51:51.245561<br><br>nownnown
 - 2014-12-13 22:51:54.892367<br><br>safsafe
 - 2014-12-13 22:51:58.504479<br><br>ALEwn
 - 2014-12-13 22:52:02.123993<br><br>nownown
 - 2014-12-13 22:52:05.766608<br><br>ssafe
 - 2014-12-13 22:52:09.374706<br><br>knownown
 - 2014-12-13 22:52:13.000962<br><br>sasafe
 - 2014-12-13 22:52:16.625457<br><br>unknnown
 - 2014-12-13 22:52:20.252738<br><br>knownown
 - 2014-12-13 22:52:23.877748<br><br>safesafe
 - 2014-12-13 22:52:27.523507<br><br>nknonown
 - 2014-12-13 22:52:31.135544<br><br>nknosafe
 - 2014-12-13 22:52:34.742408<br><br>nownnown
 - 2014-12-13 22:52:38.349790<br><br>nknonown
 - 2014-12-13 22:52:41.975178<br><br>safsafe
 - 2014-12-13 22:52:45.584979<br><br>unknnown
 - 2014-12-13 22:52:49.207427<br><br>sasafe
 - 2014-12-13 22:52:52.832893<br><br>unknnown
 - 2014-12-13 22:52:56.463849<br><br>safsafe
 - 2014-12-13 22:53:00.087289<br><br>nownnown
 - 2014-12-13 22:53:03.711286<br><br>unknnown
 - 2014-12-13 22:53:07.335042<br><br>safsafe
 - 2014-12-13 22:53:10.959205<br><br>nownnown
 - 2014-12-13 22:53:14.593747<br><br>safesafe
 - 2014-12-13 22:53:18.217951<br><br>nownnown
 - 2014-12-13 22:53:21.835065<br><br>nknosafe
 - 2014-12-13 22:53:25.450144<br><br>unknnown
 - 2014-12-13 22:53:29.060133<br><br>sasafe
 - 2014-12-13 22:53:32.688799<br><br>nownnown
 - 2014-12-13 22:53:36.308445<br><br>safesafe
 - 2014-12-13 22:53:39.933023<br><br>unknnown
 - 2014-12-13 22:53:43.564434<br><br>safsafe
 - 2014-12-13 22:53:47.194433<br><br>nownnown
 - 2014-12-13 22:53:50.822498<br><br>unknsafe
 - 2014-12-13 22:53:54.436225<br><br>ALEwn
 - 2014-12-13 22:53:58.058934<br><br>safesafe
 - 2014-12-13 22:54:01.667752<br><br>knownown
 - 2014-12-13 22:54:05.277154<br><br>safesafe
 - 2014-12-13 22:54:08.905791<br><br>unknnown
 - 2014-12-13 22:54:12.529384<br><br>sasafe
 - 2014-12-13 22:54:16.160892<br><br>nknonown
 - 2014-12-13 22:54:19.782315<br><br>safe
 - 2014-12-13 22:54:23.478742<br><br>Anown
 - 2014-12-13 22:54:27.085797<br><br>safesafe
 - 2014-12-13 22:54:30.716719<br><br>unknnown
 - 2014-12-13 22:54:34.332713<br><br>nownsafe
 - 2014-12-13 22:54:37.963421<br><br>safesafe
 - 2014-12-13 22:54:41.588469<br><br>nownnown
 - 2014-12-13 22:54:45.213085<br><br>safesafe
 - 2014-12-13 22:54:48.846518<br><br>ALEwn
 - 2014-12-13 22:54:52.466468<br><br>unknsafe
 - 2014-12-13 22:54:56.100928<br><br>ALEwn
 - 2014-12-13 22:54:59.718545<br><br>saALERT
 - 2014-12-13 22:55:03.335496<br><br>nownsafe
 - 2014-12-13 22:55:06.963329<br><br>safesafe
 - 2014-12-13 22:55:10.585406<br><br>knownown
 - 2014-12-13 22:55:14.205289<br><br>safesafe
 - 2014-12-13 22:55:17.829798<br><br>ssafe
 - 2014-12-13 22:55:21.443588<br><br>knownown
 - 2014-12-13 22:55:25.064224<br><br>ssafe
 - 2014-12-13 22:55:28.674396<br><br>nknonown
 - 2014-12-13 22:55:32.295841<br><br>safsafe
 - 2014-12-13 22:55:35.923706<br><br>unknnown
 - 2014-12-13 22:55:39.534060<br><br>nownsafe
 - 2014-12-13 22:55:43.155740<br><br>nownsafe
 - 2014-12-13 22:55:46.794246<br><br>unknnown
 - 2014-12-13 22:55:50.439549<br><br>safsafe
 - 2014-12-13 22:55:54.053016<br><br>unknnown
 - 2014-12-13 22:55:57.674874<br><br>safsafe
 - 2014-12-13 22:56:01.306531<br><br>nownnown
 - 2014-12-13 22:56:04.919537<br><br>nownnown
 - 2014-12-13 22:56:08.548760<br><br>ssafe
 - 2014-12-13 22:56:12.168217<br><br>nknonown
 - 2014-12-13 22:56:15.783447<br><br>nownsafe
 - 2014-12-13 22:56:19.410693<br><br>safesafe
 - 2014-12-13 22:56:23.035753<br><br>nknonown
 - 2014-12-13 22:56:26.657223<br><br>unknnown
 - 2014-12-13 22:56:30.272042<br><br>safsafe
 - 2014-12-13 22:56:33.887511<br><br>nownnown
 - 2014-12-13 22:56:37.518612<br><br>nknosafe
 - 2014-12-13 22:56:41.135609<br><br>unknsafe
 - 2014-12-13 22:56:44.759776<br><br>ALEwn
 - 2014-12-13 22:56:48.364158<br><br>nownsafe
 - 2014-12-13 22:56:51.997399<br><br>safesafe
 - 2014-12-13 22:56:55.616944<br><br>nknonown
 - 2014-12-13 22:56:59.248074<br><br>safsafe
 - 2014-12-13 22:57:02.879293<br><br>safeALERT
 - 2014-12-13 22:57:06.489092<br><br>nownnown
 - 2014-12-13 22:57:10.117054<br><br>safesafe
 - 2014-12-13 22:57:13.735683<br><br>knownown
 - 2014-12-13 22:57:17.359591<br><br>safesafe
 - 2014-12-13 22:57:20.993567<br><br>ALERn
 - 2014-12-13 22:57:24.619698<br><br>safesafe
 - 2014-12-13 22:57:28.245588<br><br>unknnown
 - 2014-12-13 22:57:31.873995<br><br>nknonown
 - 2014-12-13 22:57:35.485305<br><br>sasafe
 - 2014-12-13 22:57:39.102210<br><br>nownnown
 - 2014-12-13 22:57:42.737027<br><br>safesafe
 - 2014-12-13 22:57:46.370759<br><br>unknnown
 - 2014-12-13 22:57:49.984923<br><br>nownnown
 - 2014-12-13 22:57:53.622286<br><br>safesafe
 - 2014-12-13 22:57:57.243036<br><br>nknonown
 - 2014-12-13 22:58:00.868362<br><br>safsafe
 - 2014-12-13 22:58:04.473539<br><br>nownnown
 - 2014-12-13 22:58:08.108711<br><br>safesafe
 - 2014-12-13 22:58:11.727694<br><br>knownown
 - 2014-12-13 22:58:15.342618<br><br>unknown: No Media Connected - 2014-12-13 23:23:17.130030<br><br>unknown: No Media Connected - 2014-12-13 23:23:19.200501<br><br>unknown: No Media Connected - 2014-12-13 23:23:21.227180<br><br>unknown: No Media Connected - 2014-12-13 23:23:23.253820<br><br>unknown: No Media Connected - 2014-12-13 23:23:25.275914<br><br>unknown: No Media Connected - 2014-12-13 23:23:27.299155<br><br>unknown: No Media Connected - 2014-12-13 23:23:29.331635<br><br>ALERsafe
 - 2014-12-13 23:25:30.640972<br><br>safsafe
 - 2014-12-13 23:25:35.861730<br><br>safsafe
 - 2014-12-13 23:25:39.484398<br><br>safALERT
 - 2014-12-13 23:25:43.107143<br><br>ALEALERT
 - 2014-12-13 23:25:46.734742<br><br>ALERALERT
 - 2014-12-13 23:25:50.370451<br><br>ALERALERT
 - 2014-12-13 23:25:53.988910<br><br>safsafe
 - 2014-12-13 23:25:57.604265<br><br>safesafe
 - 2014-12-13 23:26:01.211218<br><br>safesafe
 - 2014-12-13 23:26:04.843582<br><br>safsafe
 - 2014-12-13 23:26:08.467259<br><br>ALEALERT
 - 2014-12-13 23:26:12.074993<br><br>ALEALERT
 - 2014-12-13 23:26:15.682605<br><br>ALALERT
 - 2014-12-13 23:26:19.311460<br><br>safesafe
 - 2014-12-13 23:26:22.946744<br><br>ssafe
 - 2014-12-13 23:26:26.565062<br><br>safesafe
 - 2014-12-13 23:26:30.187328<br><br>safesafe
 - 2014-12-13 23:26:33.816281<br><br>safesafe
 - 2014-12-13 23:26:37.437435<br><br>safesafe
 - 2014-12-13 23:26:41.067819<br><br>safesafe
 - 2014-12-13 23:26:44.691406<br><br>safesafe
 - 2014-12-13 23:26:48.304245<br><br>safesafe
 - 2014-12-13 23:26:51.923384<br><br>ALERALERT
 - 2014-12-13 23:26:55.544640<br><br>AALERT
 - 2014-12-13 23:26:59.155384<br><br>ALERALERT
 - 2014-12-13 23:27:02.775836<br><br>ALEALERT
 - 2014-12-13 23:27:06.380553<br><br>ALEALERT
 - 2014-12-13 23:27:10.015394<br><br>ALEALERT
 - 2014-12-13 23:27:13.639326<br><br>ALALERT
 - 2014-12-13 23:27:17.278883<br><br>ALEALERT
 - 2014-12-13 23:27:20.900062<br><br>AALERT
 - 2014-12-13 23:27:24.523233<br><br>AALERT
 - 2014-12-13 23:27:28.134543<br><br>ALALERT
 - 2014-12-13 23:27:31.747306<br><br>ALsafe
 - 2014-12-13 23:27:35.373618<br><br>safesafe
 - 2014-12-13 23:27:39.015316<br><br>safsafe
 - 2014-12-13 23:27:42.625414<br><br>safsafe
 - 2014-12-13 23:27:46.252284<br><br>sasafe
 - 2014-12-13 23:27:49.885033<br><br>sasafe
 - 2014-12-13 23:27:53.501422<br><br>safsafe
 - 2014-12-13 23:27:57.128758<br><br>sasafe
 - 2014-12-13 23:28:00.755567<br><br>safsafe
 - 2014-12-13 23:28:04.376715<br><br>sasafe
 - 2014-12-13 23:28:07.989847<br><br>safsafe
 - 2014-12-13 23:28:11.605868<br><br>sasafe
 - 2014-12-13 23:28:15.237267<br><br>safesafe
 - 2014-12-13 23:28:18.870337<br><br>sasafe
 - 2014-12-13 23:28:22.494108<br><br>safesafe
 - 2014-12-13 23:28:26.110275<br><br>ssafe
 - 2014-12-13 23:28:29.727616<br><br>safesafe
 - 2014-12-13 23:28:33.342414<br><br>safsafe
 - 2014-12-13 23:28:36.975095<br><br>sasafe
 - 2014-12-13 23:28:40.601299<br><br>safesafe
 - 2014-12-13 23:28:44.220822<br><br>ssafe
 - 2014-12-13 23:28:47.823416<br><br>safesafe
 - 2014-12-13 23:28:51.458569<br><br>ssafe
 - 2014-12-13 23:28:55.087512<br><br>ssafe
 - 2014-12-13 23:28:58.713497<br><br>sasafe
 - 2014-12-13 23:29:02.360142<br><br>safsafe
 - 2014-12-13 23:29:05.972612<br><br>safesafe
 - 2014-12-13 23:29:09.602462<br><br>safsafe
 - 2014-12-13 23:29:13.240942<br><br>safsafe
 - 2014-12-13 23:29:16.848825<br><br>safsafe
 - 2014-12-13 23:29:20.457395<br><br>safesafe
 - 2014-12-13 23:29:24.067115<br><br>sasafe
 - 2014-12-13 23:29:27.669735<br><br>ssafe
 - 2014-12-13 23:29:31.307286<br><br>safesafe
 - 2014-12-13 23:29:34.939137<br><br>safsafe
 - 2014-12-13 23:29:38.554776<br><br>safsafe
 - 2014-12-13 23:29:42.183400<br><br>ssafe
 - 2014-12-13 23:29:45.817666<br><br>ssafe
 - 2014-12-13 23:29:49.433731<br><br>ssafe
 - 2014-12-13 23:29:53.058617<br><br>sasafe
 - 2014-12-13 23:29:56.710084<br><br>safsafe
 - 2014-12-13 23:30:00.322970<br><br>sasafe
 - 2014-12-13 23:30:03.954442<br><br>safesafe
 - 2014-12-13 23:30:07.581799<br><br>safesafe
 - 2014-12-13 23:30:11.200231<br><br>safesafe
 - 2014-12-13 23:30:14.818208<br><br>safsafe
 - 2014-12-13 23:30:18.445815<br><br>sasafe
 - 2014-12-13 23:30:22.070274<br><br>safesafe
 - 2014-12-13 23:30:25.701247<br><br>ssafe
 - 2014-12-13 23:30:29.311336<br><br>safsafe
 - 2014-12-13 23:30:32.936684<br><br>sasafe
 - 2014-12-13 23:30:36.583822<br><br>ssafe
 - 2014-12-13 23:30:40.195047<br><br>safesafe
 - 2014-12-13 23:30:43.817942<br><br>safsafe
 - 2014-12-13 23:30:47.446614<br><br>safesafe
 - 2014-12-13 23:30:51.054637<br><br>safsafe
 - 2014-12-13 23:30:54.682887<br><br>ssafe
 - 2014-12-13 23:30:58.286198<br><br>sasafe
 - 2014-12-13 23:31:01.922645<br><br>safsafe
 - 2014-12-13 23:31:05.545684<br><br>sasafe
 - 2014-12-13 23:31:09.172704<br><br>safsafe
 - 2014-12-13 23:31:12.794518<br><br>safesafe
 - 2014-12-13 23:31:16.405369<br><br>safsafe
 - 2014-12-13 23:31:20.030194<br><br>safesafe
 - 2014-12-13 23:31:23.654519<br><br>sasafe
 - 2014-12-13 23:31:27.268625<br><br>safsafe
 - 2014-12-13 23:31:30.897638<br><br>safesafe
 - 2014-12-13 23:31:34.518470<br><br>safsafe
 - 2014-12-13 23:31:38.140376<br><br>sasafe
 - 2014-12-13 23:31:41.765655<br><br>safesafe
 - 2014-12-13 23:31:45.395935<br><br>ssafe
 - 2014-12-13 23:31:49.005619<br><br>safesafe
 - 2014-12-13 23:31:52.633846<br><br>safsafe
 - 2014-12-13 23:31:56.261918<br><br>ssafe
 - 2014-12-13 23:31:59.887240<br><br>safsafe
 - 2014-12-13 23:32:03.510313<br><br>safsafe
 - 2014-12-13 23:32:07.117721<br><br>safsafe
 - 2014-12-13 23:32:10.724470<br><br>sasafe
 - 2014-12-13 23:32:14.354417<br><br>safesafe
 - 2014-12-13 23:32:17.980579<br><br>ssafe
 - 2014-12-13 23:32:21.615297<br><br>safesafe
 - 2014-12-13 23:32:25.237677<br><br>sasafe
 - 2014-12-13 23:32:28.842675<br><br>sasafe
 - 2014-12-13 23:32:32.471436<br><br>sasafe
 - 2014-12-13 23:32:36.096211<br><br>safesafe
 - 2014-12-13 23:32:39.725223<br><br>ssafe
 - 2014-12-13 23:32:43.336366<br><br>safsafe
 - 2014-12-13 23:32:46.968558<br><br>safesafe
 - 2014-12-13 23:32:50.593207<br><br>safsafe
 - 2014-12-13 23:32:54.215708<br><br>sasafe
 - 2014-12-13 23:32:57.844882<br><br>safsafe
 - 2014-12-13 23:33:01.489413<br><br>sasafe
 - 2014-12-13 23:33:05.104993<br><br>safesafe
 - 2014-12-13 23:33:08.716298<br><br>ssafe
 - 2014-12-13 23:33:12.351536<br><br>safsafe
 - 2014-12-13 23:33:15.976981<br><br>ssafe
 - 2014-12-13 23:33:19.582115<br><br>safsafe
 - 2014-12-13 23:33:23.211972<br><br>ssafe
 - 2014-12-13 23:33:26.822696<br><br>safsafe
 - 2014-12-13 23:33:30.463502<br><br>ssafe
 - 2014-12-13 23:33:34.076649<br><br>safesafe
 - 2014-12-13 23:33:37.696654<br><br>safsafe
 - 2014-12-13 23:33:41.338709<br><br>safsafe
 - 2014-12-13 23:33:44.942646<br><br>sasafe
 - 2014-12-13 23:33:48.579084<br><br>safesafe
 - 2014-12-13 23:33:52.203465<br><br>ssafe
 - 2014-12-13 23:33:55.816355<br><br>safesafe
 - 2014-12-13 23:33:59.444966<br><br>ssafe
 - 2014-12-13 23:34:03.057436<br><br>sasafe
 - 2014-12-13 23:34:06.683210<br><br>sasafe
 - 2014-12-13 23:34:10.310246<br><br>sasafe
 - 2014-12-13 23:34:13.947185<br><br>safsafe
 - 2014-12-13 23:34:17.563260<br><br>sasafe
 - 2014-12-13 23:34:21.173662<br><br>safesafe
 - 2014-12-13 23:34:24.807639<br><br>safsafe
 - 2014-12-13 23:34:28.415699<br><br>ssafe
 - 2014-12-13 23:34:32.045230<br><br>safesafe
 - 2014-12-13 23:34:35.687451<br><br>ssafe
 - 2014-12-13 23:34:39.297042<br><br>safesafe
 - 2014-12-13 23:34:42.934810<br><br>ssafe
 - 2014-12-13 23:34:46.563264<br><br>safsafe
 - 2014-12-13 23:34:50.178364<br><br>sasafe
 - 2014-12-13 23:34:53.805097<br><br>safsafe
 - 2014-12-13 23:34:57.433364<br><br>sasafe
 - 2014-12-13 23:35:01.059216<br><br>safsafe
 - 2014-12-13 23:35:04.673682<br><br>ssafe
 - 2014-12-13 23:35:08.279846<br><br>safesafe
 - 2014-12-13 23:35:11.902108<br><br>safsafe
 - 2014-12-13 23:35:15.530680<br><br>safsafe
 - 2014-12-13 23:35:19.139223<br><br>sasafe
 - 2014-12-13 23:35:22.763887<br><br>safesafe
 - 2014-12-13 23:35:26.390456<br><br>ssafe
 - 2014-12-13 23:35:30.023822<br><br>ssafe
 - 2014-12-13 23:35:33.649996<br><br>safsafe
 - 2014-12-13 23:35:37.275513<br><br>sasafe
 - 2014-12-13 23:35:40.910667<br><br>safALERT
 - 2014-12-13 23:35:44.526495<br><br>ALALERT
 - 2014-12-13 23:35:48.151629<br><br>ALERALERT
 - 2014-12-13 23:35:51.790080<br><br>ssafe
 - 2014-12-13 23:35:55.404818<br><br>safesafe
 - 2014-12-13 23:35:59.054540<br><br>safsafe
 - 2014-12-13 23:36:02.660881<br><br>ssafe
 - 2014-12-13 23:36:06.263871<br><br>safesafe
 - 2014-12-13 23:36:09.911666<br><br>ssafe
 - 2014-12-13 23:36:13.524705<br><br>safesafe
 - 2014-12-13 23:36:17.150606<br><br>safsafe
 - 2014-12-13 23:36:20.778455<br><br>sasafe
 - 2014-12-13 23:36:24.402369<br><br>safsafe
 - 2014-12-13 23:36:28.021693<br><br>sasafe
 - 2014-12-13 23:36:31.653836<br><br>safsafe
 - 2014-12-13 23:36:35.280902<br><br>sasafe
 - 2014-12-13 23:36:38.904339<br><br>safsafe
 - 2014-12-13 23:36:42.527335<br><br>safsafe
 - 2014-12-13 23:36:46.149981<br>